c:\users\kf08\mygame\mycppgame\proj.win32\debug.win32\main.obj
c:\users\kf08\mygame\mycppgame\proj.win32\debug.win32\slotmachinescene.obj
c:\users\kf08\mygame\mycppgame\proj.win32\debug.win32\appdelegate.obj
c:\users\kf08\mygame\mycppgame\proj.win32\debug.win32\mainscene.obj
c:\users\kf08\mygame\mycppgame\proj.win32\debug.win32\mainmenu.obj
c:\users\kf08\mygame\mycppgame\proj.win32\debug.win32\function.obj
c:\users\kf08\mygame\mycppgame\proj.win32\debug.win32\slotmachine.obj
c:\users\kf08\mygame\mycppgame\proj.win32\debug.win32\mycppgame.exe
c:\users\kf08\mygame\mycppgame\proj.win32\debug.win32\mycppgame.ilk
c:\users\kf08\mygame\mycppgame\proj.win32\debug.win32\mycppgame.pdb
c:\users\kf08\mygame\mycppgame\proj.win32\debug.win32\mycppgame.lib
c:\users\kf08\mygame\mycppgame\proj.win32\debug.win32\mycppgame.exp
c:\users\kf08\mygame\mycppgame\proj.win32\debug.win32\game.res
c:\users\kf08\mygame\mycppgame\proj.win32\debug.win32\slotmachinebackground.obj
c:\users\kf08\mygame\mycppgame\proj.win32\debug.win32\소스.obj
c:\users\kf08\mygame\mycppgame\proj.win32\debug.win32\vc142.idb
c:\users\kf08\mygame\mycppgame\proj.win32\debug.win32\vc142.pdb
c:\users\kf08\mygame\mycppgame\proj.win32\debug.win32\mycppgame.tlog\cl.command.1.tlog
c:\users\kf08\mygame\mycppgame\proj.win32\debug.win32\mycppgame.tlog\cl.read.1.tlog
c:\users\kf08\mygame\mycppgame\proj.win32\debug.win32\mycppgame.tlog\cl.write.1.tlog
c:\users\kf08\mygame\mycppgame\proj.win32\debug.win32\mycppgame.tlog\link.command.1.tlog
c:\users\kf08\mygame\mycppgame\proj.win32\debug.win32\mycppgame.tlog\link.read.1.tlog
c:\users\kf08\mygame\mycppgame\proj.win32\debug.win32\mycppgame.tlog\link.write.1.tlog
c:\users\kf08\mygame\mycppgame\proj.win32\debug.win32\mycppgame.tlog\mycppgame.write.1u.tlog
c:\users\kf08\mygame\mycppgame\proj.win32\debug.win32\mycppgame.tlog\rc.command.1.tlog
c:\users\kf08\mygame\mycppgame\proj.win32\debug.win32\mycppgame.tlog\rc.read.1.tlog
c:\users\kf08\mygame\mycppgame\proj.win32\debug.win32\mycppgame.tlog\rc.write.1.tlog
